=== CONTEXTO DEL EDITOR DE PEDIDO ===
1918:          ${canEditFull ? `<button type="button" class="adm-btn adm-btn-sm" onclick="openOrderEdit(${orderArg})" title="Editar pedido completo"><svg width="14" height="14" viewBox="0 0 24 24" fill="none" stroke="currentColor" stroke-width="2" stroke-linecap="round" stroke-linejoin="round"><path d="M11 4H4a2 2 0 00-2 2v14a2 2 0 002 2h14a2 2 0 002-2v-7"/><path d="M18.5 2.5a2.121 2.121 0 013 3L12 15l-4 1 1-4 9.5-9.5z"/></svg> Editar</button>` : '—'}
1985:    await updateDoc(doc(db, 'orders', orderId), {
2051:    await updateDoc(doc(db, 'orders', orderId), {
2074:    await updateDoc(doc(db, 'orders', orderId), {
2257:      await updateDoc(doc(db, 'orders', ids[i]), {
6904:// editor. Sirve para la concurrencia optimista de saveOrderEdit: si otro
6907:let _orderEditBaselineMillis = null;
6909:window.openOrderEdit = function(orderId) {
6915:  _orderEditBaselineMillis = toJsDate_(o.updatedAt)?.getTime() ?? null;
6953:    save: window.saveOrderEdit,
6965:  _orderEditBaselineMillis = null;
7024:window.saveOrderEdit = async function() {
7045:  const btn = document.getElementById('oe-save-btn');
7076:      if (_orderEditBaselineMillis && freshMillis && freshMillis > _orderEditBaselineMillis) {
7081:    await updateDoc(doc(db, 'orders', orderId), updateData);
=== RESULTADO DEL PARCHE ===
/home/runner/work/tintin-web/tintin-web/scripts/apply-critical-healing-once.cjs:51
  if (!match) throw new Error('saveOrderEdit: no se encontró la escritura del pedido.');
              ^

Error: saveOrderEdit: no se encontró la escritura del pedido.
    at replaceOrderUpdateInsideSave (/home/runner/work/tintin-web/tintin-web/scripts/apply-critical-healing-once.cjs:51:21)
    at patchAdmin (/home/runner/work/tintin-web/tintin-web/scripts/apply-critical-healing-once.cjs:527:12)
    at Object.<anonymous> (/home/runner/work/tintin-web/tintin-web/scripts/apply-critical-healing-once.cjs:701:1)
    at Module._compile (node:internal/modules/cjs/loader:1521:14)
    at Module._extensions..js (node:internal/modules/cjs/loader:1623:10)
    at Module.load (node:internal/modules/cjs/loader:1266:32)
    at Module._load (node:internal/modules/cjs/loader:1091:12)
    at Function.executeUserEntryPoint [as runMain] (node:internal/modules/run_main:164:12)
    at node:internal/main/run_main_module:28:49

Node.js v20.20.2
